This is pdfTeX, Version 3.14159265-2.6-1.40.21 (MiKTeX 20.6) (preloaded format=pdflatex 2020.7.1)  24 NOV 2020 16:19
entering extended mode
**./BabarForecasting.tex
(BabarForecasting.tex
LaTeX2e <2020-02-02> patch level 5
L3 programming layer <2020-06-18>
(C:\Users\maxim\Desktop\Latex\Installation\tex/latex/base\report.cls
Document Class: report 2019/12/20 v1.4l Standard LaTeX document class
(C:\Users\maxim\Desktop\Latex\Installation\tex/latex/base\size10.clo
File: size10.clo 2019/12/20 v1.4l Standard LaTeX file (size option)
)
\c@part=\count167
\c@chapter=\count168
\c@section=\count169
\c@subsection=\count170
\c@subsubsection=\count171
\c@paragraph=\count172
\c@subparagraph=\count173
\c@figure=\count174
\c@table=\count175
\abovecaptionskip=\skip47
\belowcaptionskip=\skip48
\bibindent=\dimen134
)
(C:\Users\maxim\Desktop\Latex\Installation\tex/latex/graphics\graphicx.sty
Package: graphicx 2019/11/30 v1.2a Enhanced LaTeX Graphics (DPC,SPQR)

(C:\Users\maxim\Desktop\Latex\Installation\tex/latex/graphics\keyval.sty
Package: keyval 2014/10/28 v1.15 key=value parser (DPC)
\KV@toks@=\toks15
)
(C:\Users\maxim\Desktop\Latex\Installation\tex/latex/graphics\graphics.sty
Package: graphics 2019/11/30 v1.4a Standard LaTeX Graphics (DPC,SPQR)

(C:\Users\maxim\Desktop\Latex\Installation\tex/latex/graphics\trig.sty
Package: trig 2016/01/03 v1.10 sin cos tan (DPC)
)
(C:\Users\maxim\Desktop\Latex\Installation\tex/latex/graphics-cfg\graphics.cfg
File: graphics.cfg 2016/06/04 v1.11 sample graphics configuration
)
Package graphics Info: Driver file: pdftex.def on input line 105.
(C:\Users\maxim\Desktop\Latex\Installation\tex/latex/graphics-def\pdftex.def
File: pdftex.def 2018/01/08 v1.0l Graphics/color driver for pdftex
))
\Gin@req@height=\dimen135
\Gin@req@width=\dimen136
) (C:\Users\maxim\Desktop\Latex\Installation\tex/latex/xcolor\xcolor.sty
Package: xcolor 2016/05/11 v2.12 LaTeX color extensions (UK)

(C:\Users\maxim\Desktop\Latex\Installation\tex/latex/graphics-cfg\color.cfg
File: color.cfg 2016/01/02 v1.6 sample color configuration
)
Package xcolor Info: Driver file: pdftex.def on input line 225.
Package xcolor Info: Model `cmy' substituted by `cmy0' on input line 1348.
Package xcolor Info: Model `hsb' substituted by `rgb' on input line 1352.
Package xcolor Info: Model `RGB' extended on input line 1364.
Package xcolor Info: Model `HTML' substituted by `rgb' on input line 1366.
Package xcolor Info: Model `Hsb' substituted by `hsb' on input line 1367.
Package xcolor Info: Model `tHsb' substituted by `hsb' on input line 1368.
Package xcolor Info: Model `HSB' substituted by `hsb' on input line 1369.
Package xcolor Info: Model `Gray' substituted by `gray' on input line 1370.
Package xcolor Info: Model `wave' substituted by `hsb' on input line 1371.
)
(C:\Users\maxim\Desktop\Latex\Installation\tex/latex/geometry\geometry.sty
Package: geometry 2020/01/02 v5.9 Page Geometry

(C:\Users\maxim\Desktop\Latex\Installation\tex/generic/iftex\ifvtex.sty
Package: ifvtex 2019/10/25 v1.7 ifvtex legacy package. Use iftex instead.

(C:\Users\maxim\Desktop\Latex\Installation\tex/generic/iftex\iftex.sty
Package: iftex 2020/03/06 v1.0d TeX engine tests
))
\Gm@cnth=\count176
\Gm@cntv=\count177
\c@Gm@tempcnt=\count178
\Gm@bindingoffset=\dimen137
\Gm@wd@mp=\dimen138
\Gm@odd@mp=\dimen139
\Gm@even@mp=\dimen140
\Gm@layoutwidth=\dimen141
\Gm@layoutheight=\dimen142
\Gm@layouthoffset=\dimen143
\Gm@layoutvoffset=\dimen144
\Gm@dimlist=\toks16

(C:\Users\maxim\Desktop\Latex\Installation\tex/latex/geometry\geometry.cfg))
(C:\Users\maxim\Desktop\Latex\Installation\tex/latex/tools\multicol.sty
Package: multicol 2019/12/09 v1.8y multicolumn formatting (FMi)
\c@tracingmulticols=\count179
\mult@box=\box45
\multicol@leftmargin=\dimen145
\c@unbalance=\count180
\c@collectmore=\count181
\doublecol@number=\count182
\multicoltolerance=\count183
\multicolpretolerance=\count184
\full@width=\dimen146
\page@free=\dimen147
\premulticols=\dimen148
\postmulticols=\dimen149
\multicolsep=\skip49
\multicolbaselineskip=\skip50
\partial@page=\box46
\last@line=\box47
\maxbalancingoverflow=\dimen150
\mult@rightbox=\box48
\mult@grightbox=\box49
\mult@gfirstbox=\box50
\mult@firstbox=\box51
\@tempa=\box52
\@tempa=\box53
\@tempa=\box54
\@tempa=\box55
\@tempa=\box56
\@tempa=\box57
\@tempa=\box58
\@tempa=\box59
\@tempa=\box60
\@tempa=\box61
\@tempa=\box62
\@tempa=\box63
\@tempa=\box64
\@tempa=\box65
\@tempa=\box66
\@tempa=\box67
\@tempa=\box68
\@tempa=\box69
\@tempa=\box70
\@tempa=\box71
\@tempa=\box72
\@tempa=\box73
\@tempa=\box74
\@tempa=\box75
\@tempa=\box76
\@tempa=\box77
\@tempa=\box78
\@tempa=\box79
\@tempa=\box80
\@tempa=\box81
\@tempa=\box82
\@tempa=\box83
\@tempa=\box84
\@tempa=\box85
\@tempa=\box86
\@tempa=\box87
\@tempa=\box88
\c@minrows=\count185
\c@columnbadness=\count186
\c@finalcolumnbadness=\count187
\last@try=\dimen151
\multicolovershoot=\dimen152
\multicolundershoot=\dimen153
\mult@nat@firstbox=\box89
\colbreak@box=\box90
\mc@col@check@num=\count188
)
(C:\Users\maxim\Desktop\Latex\Installation\tex/latex/l3backend\l3backend-pdfmod
e.def
File: l3backend-pdfmode.def 2020-06-23 L3 backend support: PDF mode
\l__kernel_color_stack_int=\count189
\l__pdf_internal_box=\box91
) (BabarForecasting.aux)
\openout1 = `BabarForecasting.aux'.

LaTeX Font Info:    Checking defaults for OML/cmm/m/it on input line 15.
LaTeX Font Info:    ... okay on input line 15.
LaTeX Font Info:    Checking defaults for OMS/cmsy/m/n on input line 15.
LaTeX Font Info:    ... okay on input line 15.
LaTeX Font Info:    Checking defaults for OT1/cmr/m/n on input line 15.
LaTeX Font Info:    ... okay on input line 15.
LaTeX Font Info:    Checking defaults for T1/cmr/m/n on input line 15.
LaTeX Font Info:    ... okay on input line 15.
LaTeX Font Info:    Checking defaults for TS1/cmr/m/n on input line 15.
LaTeX Font Info:    ... okay on input line 15.
LaTeX Font Info:    Checking defaults for OMX/cmex/m/n on input line 15.
LaTeX Font Info:    ... okay on input line 15.
LaTeX Font Info:    Checking defaults for U/cmr/m/n on input line 15.
LaTeX Font Info:    ... okay on input line 15.

(C:\Users\maxim\Desktop\Latex\Installation\tex/context/base/mkii\supp-pdf.mkii
[Loading MPS to PDF converter (version 2006.09.02).]
\scratchcounter=\count190
\scratchdimen=\dimen154
\scratchbox=\box92
\nofMPsegments=\count191
\nofMParguments=\count192
\everyMPshowfont=\toks17
\MPscratchCnt=\count193
\MPscratchDim=\dimen155
\MPnumerator=\count194
\makeMPintoPDFobject=\count195
\everyMPtoPDFconversion=\toks18
)
(C:\Users\maxim\Desktop\Latex\Installation\tex/latex/epstopdf-pkg\epstopdf-base
.sty
Package: epstopdf-base 2020-01-24 v2.11 Base part for package epstopdf
Package epstopdf-base Info: Redefining graphics rule for `.eps' on input line 4
85.
)
*geometry* driver: auto-detecting
*geometry* detected driver: pdftex
*geometry* verbose mode - [ preamble ] result:
* driver: pdftex
* paper: a4paper
* layout: <same size as paper>
* layoutoffset:(h,v)=(0.0pt,0.0pt)
* modes: 
* h-part:(L,W,R)=(81.94394pt, 433.62pt, 81.94394pt)
* v-part:(T,H,B)=(106.75473pt, 578.15999pt, 160.13213pt)
* \paperwidth=597.50787pt
* \paperheight=845.04684pt
* \textwidth=433.62pt
* \textheight=578.15999pt
* \oddsidemargin=9.67395pt
* \evensidemargin=9.67395pt
* \topmargin=-2.51526pt
* \headheight=12.0pt
* \headsep=25.0pt
* \topskip=10.0pt
* \footskip=30.0pt
* \marginparwidth=65.0pt
* \marginparsep=11.0pt
* \columnsep=10.0pt
* \skip\footins=9.0pt plus 4.0pt minus 2.0pt
* \hoffset=0.0pt
* \voffset=0.0pt
* \mag=1000
* \@twocolumnfalse
* \@twosidefalse
* \@mparswitchfalse
* \@reversemarginfalse
* (1in=72.27pt=25.4mm, 1cm=28.453pt)

LaTeX Font Info:    External font `cmex10' loaded for size
(Font)              <12> on input line 16.
LaTeX Font Info:    External font `cmex10' loaded for size
(Font)              <8> on input line 16.
LaTeX Font Info:    External font `cmex10' loaded for size
(Font)              <6> on input line 16.

LaTeX Warning: No \author given.

[1

{C:/Users/maxim/AppData/Local/MiKTeX/pdftex/config/pdftex.map}]
Chapter 1.
[1

]
Chapter 2.

Underfull \hbox (badness 10000) in paragraph at lines 34--36

 []


Underfull \hbox (badness 10000) in paragraph at lines 34--36

 []

LaTeX Font Info:    External font `cmex10' loaded for size
(Font)              <7> on input line 38.
LaTeX Font Info:    External font `cmex10' loaded for size
(Font)              <5> on input line 38.

Overfull \hbox (29.35858pt too wide) in paragraph at lines 37--39
[]\OT1/cmr/m/n/10 CREATE TA-BLE Want-ed-Prod-ucts AS SE-LECT babar$[]$server$[]
$purchase.* FROM babar$[]$server$[]$purchase
 []

[2

] [3]
Overfull \hbox (39.72523pt too wide) in paragraph at lines 154--159
[]\OT1/cmr/m/n/10 CREATE TA-BLE `High$[]$Degree$[]$Beer` AS SE-LECT babar$[]$se
rver$[]$purchase.* FROM babar$[]$server$[]$purchase
 []


Overfull \hbox (5.7731pt too wide) in paragraph at lines 154--159
\OT1/cmr/m/n/10 JOIN babar$[]$server$[]$product ON babar$[]$server$[]$purchase.
product$[]$id = babar$[]$server$[]$product.id WHERE
 []


Overfull \hbox (39.72523pt too wide) in paragraph at lines 164--169
[]\OT1/cmr/m/n/10 CREATE TA-BLE `High$[]$Degree$[]$Beer` AS SE-LECT babar$[]$se
rver$[]$purchase.* FROM babar$[]$server$[]$purchase
 []


Overfull \hbox (5.7731pt too wide) in paragraph at lines 164--169
\OT1/cmr/m/n/10 JOIN babar$[]$server$[]$product ON babar$[]$server$[]$purchase.
product$[]$id = babar$[]$server$[]$product.id WHERE
 []


Overfull \hbox (39.72523pt too wide) in paragraph at lines 174--178
[]\OT1/cmr/m/n/10 CREATE TA-BLE `High$[]$Degree$[]$Beer` AS SE-LECT babar$[]$se
rver$[]$purchase.* FROM babar$[]$server$[]$purchase
 []


Overfull \hbox (5.7731pt too wide) in paragraph at lines 174--178
\OT1/cmr/m/n/10 JOIN babar$[]$server$[]$product ON babar$[]$server$[]$purchase.
product$[]$id = babar$[]$server$[]$product.id WHERE
 []

[4]
<./image/FormatTable.png, id=23, 552.26324pt x 161.403pt>
File: ./image/FormatTable.png Graphic file (type png)
<use ./image/FormatTable.png>
Package pdftex.def Info: ./image/FormatTable.png  used on input line 194.
(pdftex.def)             Requested size: 441.81119pt x 129.12257pt.

Overfull \hbox (23.1912pt too wide) in paragraph at lines 194--195
[][] 
 []

[5 <./image/FormatTable.png>] [6]
Chapter 3.
[7

]
Chapter 4.

Underfull \hbox (badness 10000) in paragraph at lines 237--238

 []

[8

] [9]
Chapter 5.
[10

]
Chapter 6.

Overfull \hbox (21.57526pt too wide) in paragraph at lines 274--275
\OT1/cmr/m/n/10 https://towardsdatascience.com/sales-forecasting-from-time-seri
es-to-deep-learning-5d115514bfac : Fore-
 []

[11

] (BabarForecasting.aux) ) 
Here is how much of TeX's memory you used:
 2295 strings out of 480790
 32815 string characters out of 2898700
 291764 words of memory out of 3000000
 18320 multiletter control sequences out of 15000+200000
 537841 words of font info for 42 fonts, out of 3000000 for 9000
 1141 hyphenation exceptions out of 8191
 30i,6n,37p,1631b,205s stack positions out of 5000i,500n,10000p,200000b,50000s
 <C:\Users\maxim\AppData\Local\MiKTeX\fonts/pk/ljfour
/jknappen/ec/dpi600\tcrm1000.pk><C:/Users/maxim/Desktop/Latex/Installation/font
s/type1/public/amsfonts/cm/cmbx10.pfb><C:/Users/maxim/Desktop/Latex/Installatio
n/fonts/type1/public/amsfonts/cm/cmbx12.pfb><C:/Users/maxim/Desktop/Latex/Insta
llation/fonts/type1/public/amsfonts/cm/cmmi10.pfb><C:/Users/maxim/Desktop/Latex
/Installation/fonts/type1/public/amsfonts/cm/cmr10.pfb><C:/Users/maxim/Desktop/
Latex/Installation/fonts/type1/public/amsfonts/cm/cmr12.pfb><C:/Users/maxim/Des
ktop/Latex/Installation/fonts/type1/public/amsfonts/cm/cmr17.pfb><C:/Users/maxi
m/Desktop/Latex/Installation/fonts/type1/public/amsfonts/cm/cmsy10.pfb>
Output written on BabarForecasting.pdf (12 pages, 123146 bytes).
PDF statistics:
 77 PDF objects out of 1000 (max. 8388607)
 0 named destinations out of 1000 (max. 500000)
 6 words of extra memory for PDF output out of 10000 (max. 10000000)

